{"total": {"lines":{"total":171,"covered":162,"skipped":0,"pct":94.74},"statements":{"total":171,"covered":162,"skipped":0,"pct":94.74},"functions":{"total":20,"covered":17,"skipped":0,"pct":85},"branches":{"total":27,"covered":27,"skipped":0,"pct":100}}
,"C:\\SoftwareStuff\\Projects\\rxjs-extensions\\src\\abstract-subject.ts": {"lines":{"total":114,"covered":108,"skipped":0,"pct":94.74},"functions":{"total":13,"covered":11,"skipped":0,"pct":84.62},"statements":{"total":114,"covered":108,"skipped":0,"pct":94.74},"branches":{"total":15,"covered":15,"skipped":0,"pct":100}}
,"C:\\SoftwareStuff\\Projects\\rxjs-extensions\\src\\behavior-subject\\byte-this-behavior-subject.ts": {"lines":{"total":44,"covered":41,"skipped":0,"pct":93.18},"functions":{"total":6,"covered":5,"skipped":0,"pct":83.33},"statements":{"total":44,"covered":41,"skipped":0,"pct":93.18},"branches":{"total":11,"covered":11,"skipped":0,"pct":100}}
,"C:\\SoftwareStuff\\Projects\\rxjs-extensions\\src\\subject\\byte-this-subject.ts": {"lines":{"total":13,"covered":13,"skipped":0,"pct":100},"functions":{"total":1,"covered":1,"skipped":0,"pct":100},"statements":{"total":13,"covered":13,"skipped":0,"pct":100},"branches":{"total":1,"covered":1,"skipped":0,"pct":100}}
}
