TN:
SF:src\abstract-subject.ts
FN:18,ByteThisAbstractSubject
FN:22,Object.<anonymous>.ByteThisAbstractSubject.hasReaction
FN:26,Object.<anonymous>.ByteThisAbstractSubject.setReaction
FN:38,Object.<anonymous>.ByteThisAbstractSubject.stopReaction
FN:46,Object.<anonymous>.ByteThisAbstractSubject.stopAllReactions
FN:57,Object.<anonymous>.ByteThisAbstractSubject.next
FN:66,Object.<anonymous>.ByteThisAbstractSubject.nextFromPromise
FN:76,Object.<anonymous>.ByteThisAbstractSubject.nextFromObservableFirstEmit
FN:84,Object.<anonymous>.ByteThisAbstractSubject.complete
FN:90,Object.<anonymous>.ByteThisAbstractSubject.subscribe
FN:94,Object.<anonymous>.ByteThisAbstractSubject.asObservable
FN:98,Object.<anonymous>.ByteThisAbstractSubject.identity
FN:108,Object.<anonymous>.ByteThisAbstractSubject.pipeRequired
FNF:13
FNH:11
FNDA:15,ByteThisAbstractSubject
FNDA:10,Object.<anonymous>.ByteThisAbstractSubject.hasReaction
FNDA:7,Object.<anonymous>.ByteThisAbstractSubject.setReaction
FNDA:10,Object.<anonymous>.ByteThisAbstractSubject.stopReaction
FNDA:2,Object.<anonymous>.ByteThisAbstractSubject.stopAllReactions
FNDA:50,Object.<anonymous>.ByteThisAbstractSubject.next
FNDA:0,Object.<anonymous>.ByteThisAbstractSubject.nextFromPromise
FNDA:0,Object.<anonymous>.ByteThisAbstractSubject.nextFromObservableFirstEmit
FNDA:1,Object.<anonymous>.ByteThisAbstractSubject.complete
FNDA:8,Object.<anonymous>.ByteThisAbstractSubject.subscribe
FNDA:15,Object.<anonymous>.ByteThisAbstractSubject.asObservable
FNDA:71,Object.<anonymous>.ByteThisAbstractSubject.identity
FNDA:11,Object.<anonymous>.ByteThisAbstractSubject.pipeRequired
DA:1,1
DA:2,1
DA:3,1
DA:4,1
DA:5,1
DA:6,1
DA:7,1
DA:8,1
DA:9,1
DA:10,2
DA:11,2
DA:12,2
DA:13,2
DA:14,2
DA:15,2
DA:16,2
DA:17,2
DA:18,2
DA:19,15
DA:20,15
DA:21,2
DA:22,2
DA:23,10
DA:24,10
DA:25,2
DA:26,2
DA:27,7
DA:28,6
DA:29,6
DA:30,7
DA:31,7
DA:32,7
DA:33,7
DA:34,7
DA:35,7
DA:36,7
DA:37,2
DA:38,2
DA:39,10
DA:40,3
DA:41,3
DA:42,3
DA:43,10
DA:44,10
DA:45,2
DA:46,2
DA:47,2
DA:48,2
DA:49,2
DA:50,2
DA:51,2
DA:52,2
DA:53,2
DA:54,2
DA:55,2
DA:56,2
DA:57,2
DA:58,50
DA:59,50
DA:60,50
DA:61,2
DA:62,2
DA:63,2
DA:64,2
DA:65,2
DA:66,2
DA:67,0
DA:68,0
DA:69,0
DA:70,2
DA:71,2
DA:72,2
DA:73,2
DA:74,2
DA:75,2
DA:76,2
DA:77,0
DA:78,0
DA:79,0
DA:80,2
DA:81,2
DA:82,2
DA:83,2
DA:84,2
DA:85,1
DA:86,1
DA:87,1
DA:88,1
DA:89,2
DA:90,2
DA:91,8
DA:92,8
DA:93,2
DA:94,2
DA:95,15
DA:96,15
DA:97,2
DA:98,2
DA:99,71
DA:100,71
DA:101,2
DA:102,2
DA:103,2
DA:104,2
DA:105,2
DA:106,2
DA:107,2
DA:108,2
DA:109,11
DA:110,11
DA:111,2
DA:112,2
DA:113,2
DA:114,2
LF:114
LH:108
BRDA:10,0,0,2
BRDA:18,1,0,15
BRDA:22,2,0,10
BRDA:26,3,0,7
BRDA:27,4,0,6
BRDA:33,5,0,27
BRDA:38,6,0,10
BRDA:39,7,0,3
BRDA:46,8,0,2
BRDA:47,9,0,2
BRDA:57,10,0,50
BRDA:84,11,0,1
BRDA:90,12,0,8
BRDA:94,13,0,15
BRDA:98,14,0,71
BRDA:108,15,0,11
BRF:16
BRH:16
end_of_record
TN:
SF:src\behavior-subject\byte-this-behavior-subject.ts
FN:9,ByteThisBehaviorSubject
FN:13,get
FN:17,Object.<anonymous>.ByteThisBehaviorSubject.nextIfVoid
FN:22,Object.<anonymous>.ByteThisBehaviorSubject.clear
FN:27,Object.<anonymous>.ByteThisBehaviorSubject.createSubject
FN:31,Object.<anonymous>.ByteThisBehaviorSubject.pipeRequired
FNF:6
FNH:5
FNDA:4,ByteThisBehaviorSubject
FNDA:7,get
FNDA:1,Object.<anonymous>.ByteThisBehaviorSubject.nextIfVoid
FNDA:0,Object.<anonymous>.ByteThisBehaviorSubject.clear
FNDA:4,Object.<anonymous>.ByteThisBehaviorSubject.createSubject
FNDA:4,Object.<anonymous>.ByteThisBehaviorSubject.pipeRequired
DA:1,1
DA:2,1
DA:3,1
DA:4,1
DA:5,1
DA:6,1
DA:7,1
DA:8,1
DA:9,1
DA:10,4
DA:11,4
DA:12,4
DA:13,4
DA:14,7
DA:15,7
DA:16,4
DA:17,4
DA:18,1
DA:19,1
DA:20,1
DA:21,4
DA:22,4
DA:23,0
DA:24,0
DA:25,0
DA:26,4
DA:27,4
DA:28,4
DA:29,4
DA:30,4
DA:31,4
DA:32,4
DA:33,26
DA:34,1
DA:35,1
DA:36,1
DA:37,1
DA:38,26
DA:39,25
DA:40,25
DA:41,4
DA:42,4
DA:43,4
DA:44,4
LF:44
LH:41
BRDA:9,0,0,1
BRDA:9,1,0,4
BRDA:13,2,0,7
BRDA:17,3,0,1
BRDA:27,4,0,4
BRDA:31,5,0,4
BRDA:32,6,0,26
BRDA:33,7,0,2
BRDA:33,8,0,1
BRDA:38,9,0,25
BRDA:34,10,0,1
BRDA:41,11,0,26
BRF:12
BRH:12
end_of_record
TN:
SF:src\subject\byte-this-subject.ts
FN:7,ByteThisSubject
FN:9,Object.<anonymous>.ByteThisSubject.createSubject
FNF:2
FNH:2
FNDA:11,ByteThisSubject
FNDA:11,Object.<anonymous>.ByteThisSubject.createSubject
DA:1,1
DA:2,1
DA:3,1
DA:4,1
DA:5,1
DA:6,1
DA:7,11
DA:8,11
DA:9,11
DA:10,11
DA:11,11
DA:12,11
DA:13,11
LF:13
LH:13
BRDA:7,0,0,1
BRDA:7,1,0,11
BRDA:9,2,0,11
BRF:3
BRH:3
end_of_record
