TN:
SF:src\abstract-subject.ts
FN:18,ByteThisAbstractSubject
FN:22,hasReaction
FN:26,setReaction
FN:38,stopReaction
FN:46,stopAllReactions
FN:57,next
FN:66,nextFromPromise
FN:76,nextFromObservableFirstEmit
FN:84,complete
FN:90,subscribe
FN:94,asObservable
FN:98,identity
FN:108,pipeRequired
FNF:13
FNH:11
FNDA:15,ByteThisAbstractSubject
FNDA:10,hasReaction
FNDA:7,setReaction
FNDA:10,stopReaction
FNDA:2,stopAllReactions
FNDA:50,next
FNDA:0,nextFromPromise
FNDA:0,nextFromObservableFirstEmit
FNDA:1,complete
FNDA:8,subscribe
FNDA:15,asObservable
FNDA:71,identity
FNDA:11,pipeRequired
DA:1,1
DA:2,1
DA:3,1
DA:4,1
DA:5,1
DA:6,1
DA:7,1
DA:8,1
DA:9,1
DA:10,1
DA:11,1
DA:12,1
DA:13,1
DA:14,1
DA:15,1
DA:16,1
DA:17,1
DA:18,1
DA:19,15
DA:20,15
DA:21,1
DA:22,1
DA:23,10
DA:24,10
DA:25,1
DA:26,1
DA:27,7
DA:28,6
DA:29,6
DA:30,7
DA:31,7
DA:32,7
DA:33,7
DA:34,7
DA:35,7
DA:36,7
DA:37,1
DA:38,1
DA:39,10
DA:40,3
DA:41,3
DA:42,3
DA:43,10
DA:44,10
DA:45,1
DA:46,1
DA:47,2
DA:48,2
DA:49,2
DA:50,2
DA:51,2
DA:52,1
DA:53,1
DA:54,1
DA:55,1
DA:56,1
DA:57,1
DA:58,50
DA:59,50
DA:60,50
DA:61,1
DA:62,1
DA:63,1
DA:64,1
DA:65,1
DA:66,1
DA:67,0
DA:68,0
DA:69,0
DA:70,1
DA:71,1
DA:72,1
DA:73,1
DA:74,1
DA:75,1
DA:76,1
DA:77,0
DA:78,0
DA:79,0
DA:80,1
DA:81,1
DA:82,1
DA:83,1
DA:84,1
DA:85,1
DA:86,1
DA:87,1
DA:88,1
DA:89,1
DA:90,1
DA:91,8
DA:92,8
DA:93,1
DA:94,1
DA:95,15
DA:96,15
DA:97,1
DA:98,1
DA:99,71
DA:100,71
DA:101,1
DA:102,1
DA:103,1
DA:104,1
DA:105,1
DA:106,1
DA:107,1
DA:108,1
DA:109,11
DA:110,11
DA:111,1
DA:112,1
DA:113,1
DA:114,1
LF:114
LH:108
BRDA:18,0,0,15
BRDA:22,1,0,10
BRDA:26,2,0,7
BRDA:27,3,0,6
BRDA:33,4,0,27
BRDA:38,5,0,10
BRDA:39,6,0,3
BRDA:46,7,0,2
BRDA:47,8,0,2
BRDA:57,9,0,50
BRDA:84,10,0,1
BRDA:90,11,0,8
BRDA:94,12,0,15
BRDA:98,13,0,71
BRDA:108,14,0,11
BRF:15
BRH:15
end_of_record
TN:
SF:src\behavior-subject\byte-this-behavior-subject.ts
FN:9,ByteThisBehaviorSubject
FN:13,get value
FN:17,nextIfVoid
FN:22,clear
FN:27,createSubject
FN:31,pipeRequired
FNF:6
FNH:5
FNDA:4,ByteThisBehaviorSubject
FNDA:7,get value
FNDA:1,nextIfVoid
FNDA:0,clear
FNDA:4,createSubject
FNDA:4,pipeRequired
DA:1,1
DA:2,1
DA:3,1
DA:4,1
DA:5,1
DA:6,1
DA:7,1
DA:8,1
DA:9,1
DA:10,4
DA:11,4
DA:12,4
DA:13,4
DA:14,7
DA:15,7
DA:16,4
DA:17,4
DA:18,1
DA:19,1
DA:20,1
DA:21,4
DA:22,4
DA:23,0
DA:24,0
DA:25,0
DA:26,4
DA:27,4
DA:28,4
DA:29,4
DA:30,4
DA:31,4
DA:32,4
DA:33,26
DA:34,1
DA:35,1
DA:36,1
DA:37,1
DA:38,26
DA:39,25
DA:40,25
DA:41,4
DA:42,4
DA:43,4
DA:44,4
LF:44
LH:41
BRDA:9,0,0,4
BRDA:13,1,0,7
BRDA:17,2,0,1
BRDA:27,3,0,4
BRDA:31,4,0,4
BRDA:32,5,0,26
BRDA:33,6,0,2
BRDA:33,7,0,1
BRDA:38,8,0,25
BRDA:34,9,0,1
BRDA:41,10,0,26
BRF:11
BRH:11
end_of_record
TN:
SF:src\subject\byte-this-subject.ts
FN:9,createSubject
FNF:1
FNH:1
FNDA:11,createSubject
DA:1,1
DA:2,1
DA:3,1
DA:4,1
DA:5,1
DA:6,1
DA:7,1
DA:8,1
DA:9,1
DA:10,11
DA:11,11
DA:12,1
DA:13,1
LF:13
LH:13
BRDA:9,0,0,11
BRF:1
BRH:1
end_of_record
